{
  "Unit Tests": {
    "coverage": {
      "/Users/KSWPro/turing/1module/projects.1mod/black_thursday/lib/sales_engine.rb": [
        1,
        1,
        1,
        1,
        null,
        1,
        1,
        null,
        null,
        null,
        null,
        null,
        1,
        20,
        20,
        20,
        null,
        null,
        null,
        null,
        1,
        20,
        null,
        null,
        1,
        0,
        null,
        null,
        1,
        0,
        null,
        null,
        1,
        0,
        null,
        null,
        1,
        0,
        null,
        null,
        null,
        null,
        null,
        null,
        null,
        null,
        null,
        null,
        null,
        null
      ],
      "/Users/KSWPro/turing/1module/projects.1mod/black_thursday/lib/merchant_repository.rb": [
        1,
        1,
        null,
        1,
        1,
        null,
        1,
        20,
        20,
        20,
        20,
        20,
        null,
        null,
        null,
        1,
        8570,
        null,
        null,
        1,
        20,
        8570,
        null,
        null,
        null,
        1,
        0,
        null,
        null,
        1,
        0,
        null,
        null,
        1,
        0,
        0,
        null,
        null,
        null,
        1,
        0,
        0,
        null,
        null,
        null,
        1,
        0,
        null,
        null,
        1,
        0,
        null,
        null,
        1,
        null,
        null,
        null
      ],
      "/Users/KSWPro/turing/1module/projects.1mod/black_thursday/lib/file_extractor.rb": [
        1,
        null,
        1,
        null,
        1,
        59,
        null,
        null
      ],
      "/Users/KSWPro/turing/1module/projects.1mod/black_thursday/lib/merchant.rb": [
        1,
        1,
        null,
        null,
        1,
        8570,
        8570,
        8570,
        null,
        null,
        1,
        0,
        null,
        null,
        1,
        0,
        null,
        null,
        null,
        null,
        null,
        null,
        null,
        null
      ],
      "/Users/KSWPro/turing/1module/projects.1mod/black_thursday/lib/item_repository.rb": [
        1,
        1,
        null,
        1,
        1,
        null,
        1,
        20,
        20,
        20,
        20,
        20,
        null,
        null,
        null,
        1,
        27340,
        null,
        null,
        1,
        20,
        27340,
        null,
        null,
        null,
        1,
        0,
        null,
        null,
        1,
        0,
        null,
        null,
        1,
        0,
        0,
        null,
        null,
        null,
        1,
        0,
        0,
        null,
        null,
        null,
        1,
        0,
        0,
        null,
        null,
        null,
        1,
        0,
        0,
        null,
        null,
        null,
        1,
        2863,
        3913721,
        null,
        null,
        null,
        1,
        0,
        null,
        null,
        1,
        null,
        null,
        null
      ],
      "/Users/KSWPro/turing/1module/projects.1mod/black_thursday/lib/item.rb": [
        1,
        null,
        1,
        1,
        null,
        null,
        null,
        null,
        null,
        null,
        null,
        1,
        27340,
        27340,
        27340,
        27340,
        27340,
        27340,
        27340,
        27340,
        null,
        null,
        1,
        0,
        null,
        null,
        1,
        0,
        null,
        null
      ],
      "/Users/KSWPro/turing/1module/projects.1mod/black_thursday/lib/invoice_repository.rb": [
        1,
        1,
        null,
        1,
        1,
        null,
        1,
        20,
        20,
        20,
        19,
        19,
        null,
        null,
        null,
        1,
        94715,
        null,
        null,
        1,
        19,
        94715,
        null,
        null,
        null,
        1,
        0,
        null,
        null,
        1,
        0,
        null,
        null,
        1,
        0,
        0,
        null,
        null,
        null,
        1,
        4285,
        21360725,
        null,
        null,
        null,
        1,
        0,
        0,
        null,
        null,
        null,
        1,
        0,
        null,
        null,
        1,
        null,
        null,
        null,
        null
      ],
      "/Users/KSWPro/turing/1module/projects.1mod/black_thursday/lib/invoice.rb": [
        1,
        1,
        null,
        null,
        null,
        null,
        null,
        null,
        1,
        94715,
        94715,
        94715,
        94715,
        94715,
        94715,
        94715,
        null,
        null,
        1,
        0,
        null,
        null
      ],
      "/Users/KSWPro/turing/1module/projects.1mod/black_thursday/lib/customer_repository.rb": [
        1,
        1,
        null,
        1,
        1,
        null,
        null,
        1,
        0,
        0,
        0,
        0,
        0,
        null,
        null,
        null,
        1,
        0,
        null,
        null,
        1,
        0,
        0,
        null,
        null,
        null,
        1,
        0,
        null,
        null,
        1,
        0,
        null,
        null,
        1,
        0,
        0,
        null,
        null,
        null,
        1,
        0,
        0,
        null,
        null,
        null,
        1,
        null,
        null,
        null
      ],
      "/Users/KSWPro/turing/1module/projects.1mod/black_thursday/lib/customer.rb": [
        1,
        1,
        null,
        null,
        null,
        null,
        null,
        1,
        null,
        0,
        0,
        0,
        0,
        0,
        null,
        null
      ],
      "/Users/KSWPro/turing/1module/projects.1mod/black_thursday/lib/sales_analyst.rb": [
        1,
        1,
        null,
        1,
        20,
        20,
        20,
        20,
        null,
        null,
        1,
        6,
        null,
        null,
        1,
        4,
        1435,
        null,
        null,
        null,
        1,
        13,
        7915,
        null,
        null,
        13,
        null,
        null,
        1,
        3,
        null,
        null,
        1,
        9,
        null,
        null,
        1,
        2,
        null,
        2,
        950,
        null,
        null,
        null,
        1,
        478,
        null,
        1372,
        478,
        null,
        null,
        1,
        1,
        null,
        475,
        1,
        null,
        null,
        1,
        6,
        null,
        8202,
        6,
        null,
        null,
        1,
        3,
        4101,
        null,
        3,
        null,
        null,
        1,
        2,
        null,
        2,
        2734,
        null,
        null,
        null,
        1,
        10,
        null,
        null,
        1,
        6,
        2385,
        null,
        null,
        null,
        1,
        5,
        null,
        null,
        1,
        2,
        null,
        2,
        950,
        null,
        null,
        null,
        1,
        2,
        null,
        2,
        950,
        null,
        null,
        null,
        1,
        4,
        19940,
        null,
        null,
        null,
        1,
        4,
        null,
        null,
        1,
        2,
        null,
        null,
        1,
        1,
        null,
        null,
        7,
        1,
        null,
        null,
        1,
        3,
        14955,
        null,
        null,
        null,
        1,
        3,
        null,
        null
      ]
    },
    "timestamp": 1470013776
  },
  "RSpec": {
    "coverage": {
      "/Users/KSWPro/turing/1module/projects.1mod/black_thursday/lib/customer_repository.rb": [
        1,
        1,
        null,
        1,
        1,
        null,
        null,
        1,
        7,
        7,
        7,
        7,
        7,
        null,
        null,
        null,
        1,
        7000,
        null,
        null,
        1,
        7,
        7000,
        null,
        null,
        null,
        1,
        3,
        null,
        null,
        1,
        3,
        null,
        null,
        1,
        4,
        4000,
        null,
        null,
        null,
        1,
        4,
        4000,
        null,
        null,
        null,
        1,
        null,
        null,
        null
      ],
      "/Users/KSWPro/turing/1module/projects.1mod/black_thursday/lib/customer.rb": [
        1,
        1,
        null,
        null,
        null,
        null,
        null,
        1,
        null,
        7015,
        7015,
        7015,
        7015,
        7015,
        null,
        null
      ],
      "/Users/KSWPro/turing/1module/projects.1mod/black_thursday/lib/file_extractor.rb": [
        1,
        null,
        1,
        null,
        1,
        116,
        null,
        null
      ],
      "/Users/KSWPro/turing/1module/projects.1mod/black_thursday/test/customer_test.rb": [
        1,
        1,
        null,
        1,
        1,
        null,
        null,
        null,
        null,
        5,
        null,
        null,
        null,
        null,
        null,
        null,
        null,
        null,
        null,
        null,
        null,
        null,
        null,
        null,
        1,
        1,
        null,
        1,
        1,
        1,
        null,
        null,
        1,
        1,
        null,
        1,
        1,
        1,
        null,
        null,
        1,
        1,
        null,
        1,
        1,
        1,
        null,
        null,
        1,
        1,
        null,
        1,
        1,
        1,
        null,
        null,
        1,
        1,
        null,
        1,
        1,
        1,
        null,
        null
      ],
      "/Users/KSWPro/turing/1module/projects.1mod/black_thursday/test/invoice_item_repository_test.rb": [
        1,
        1,
        null,
        1,
        1,
        1,
        null,
        1,
        null,
        null,
        1,
        1,
        null,
        1,
        null,
        null,
        1,
        1,
        null,
        1,
        null,
        null,
        1,
        1,
        null,
        1,
        1,
        1,
        null,
        null,
        1,
        1,
        null,
        1,
        1,
        1,
        null,
        null,
        null,
        null,
        null,
        null,
        null
      ],
      "/Users/KSWPro/turing/1module/projects.1mod/black_thursday/lib/invoice_item_repository.rb": [
        1,
        1,
        null,
        1,
        1,
        null,
        1,
        5,
        5,
        5,
        5,
        5,
        null,
        null,
        null,
        1,
        1000,
        null,
        null,
        1,
        5,
        1000,
        null,
        null,
        null,
        1,
        3,
        null,
        null,
        1,
        3,
        null,
        null
      ],
      "/Users/KSWPro/turing/1module/projects.1mod/black_thursday/lib/invoice_item.rb": [
        1,
        null,
        1,
        1,
        null,
        null,
        null,
        null,
        null,
        null,
        null,
        1,
        1024,
        1024,
        1024,
        1024,
        1024,
        1024,
        1024,
        1024,
        null,
        null,
        1,
        3,
        null,
        null
      ],
      "/Users/KSWPro/turing/1module/projects.1mod/black_thursday/test/invoice_item_test.rb": [
        1,
        1,
        null,
        1,
        1,
        null,
        null,
        null,
        null,
        null,
        null,
        8,
        null,
        null,
        null,
        null,
        null,
        null,
        null,
        null,
        null,
        null,
        null,
        null,
        null,
        null,
        null,
        null,
        1,
        1,
        null,
        1,
        1,
        1,
        null,
        null,
        1,
        1,
        null,
        1,
        1,
        1,
        null,
        null,
        1,
        1,
        null,
        1,
        1,
        1,
        null,
        null,
        1,
        1,
        null,
        1,
        1,
        1,
        null,
        null,
        1,
        1,
        null,
        1,
        1,
        1,
        null,
        null,
        1,
        1,
        null,
        1,
        1,
        1,
        1,
        1,
        1,
        null,
        null,
        1,
        1,
        null,
        1,
        1,
        1,
        1,
        1,
        1,
        null,
        null,
        1,
        1,
        null,
        1,
        1,
        1,
        null,
        null
      ],
      "/Users/KSWPro/turing/1module/projects.1mod/black_thursday/test/invoice_repository_test.rb": [
        1,
        1,
        null,
        1,
        null,
        1,
        1,
        null,
        1,
        null,
        null,
        1,
        1,
        null,
        1,
        null,
        null,
        1,
        1,
        null,
        1,
        1,
        1,
        null,
        null,
        1,
        1,
        null,
        1,
        1,
        1,
        null,
        null,
        1,
        1,
        null,
        1,
        1,
        1,
        null,
        null,
        1,
        1,
        null,
        1,
        1,
        1,
        1,
        null,
        null,
        1,
        1,
        null,
        1,
        1,
        1,
        1,
        null,
        null,
        1,
        1,
        null,
        1,
        1,
        1,
        1,
        null,
        null
      ],
      "/Users/KSWPro/turing/1module/projects.1mod/black_thursday/lib/invoice_repository.rb": [
        1,
        1,
        null,
        1,
        1,
        null,
        1,
        37,
        37,
        37,
        29,
        29,
        null,
        null,
        null,
        1,
        144565,
        null,
        null,
        1,
        29,
        144565,
        null,
        null,
        null,
        1,
        3,
        null,
        null,
        1,
        6,
        null,
        null,
        1,
        4,
        19940,
        null,
        null,
        null,
        1,
        4290,
        21385650,
        null,
        null,
        null,
        1,
        4,
        19940,
        null,
        null,
        null,
        1,
        6,
        null,
        null,
        1,
        null,
        null,
        null,
        null
      ],
      "/Users/KSWPro/turing/1module/projects.1mod/black_thursday/lib/invoice.rb": [
        1,
        1,
        null,
        null,
        null,
        null,
        null,
        null,
        1,
        144583,
        144583,
        144583,
        144583,
        144583,
        144583,
        144583,
        null,
        null,
        1,
        6,
        null,
        null
      ],
      "/Users/KSWPro/turing/1module/projects.1mod/black_thursday/test/invoice_test.rb": [
        1,
        1,
        null,
        1,
        1,
        null,
        null,
        null,
        null,
        null,
        6,
        null,
        null,
        null,
        null,
        null,
        null,
        null,
        null,
        null,
        null,
        null,
        null,
        null,
        null,
        null,
        null,
        1,
        1,
        null,
        1,
        1,
        1,
        null,
        null,
        1,
        1,
        null,
        1,
        1,
        1,
        null,
        null,
        1,
        1,
        null,
        1,
        1,
        1,
        null,
        null,
        1,
        1,
        null,
        1,
        1,
        1,
        null,
        null,
        1,
        1,
        null,
        1,
        1,
        1,
        null,
        null,
        1,
        1,
        null,
        1,
        1,
        1,
        null,
        null
      ],
      "/Users/KSWPro/turing/1module/projects.1mod/black_thursday/test/item_repository_test.rb": [
        1,
        1,
        null,
        1,
        null,
        1,
        1,
        null,
        1,
        null,
        null,
        1,
        1,
        null,
        1,
        null,
        null,
        1,
        1,
        null,
        1,
        null,
        null,
        1,
        1,
        null,
        1,
        1,
        1,
        null,
        null,
        1,
        1,
        null,
        1,
        1,
        1,
        null,
        null,
        1,
        1,
        null,
        1,
        1,
        1,
        1,
        1,
        null,
        null,
        1,
        1,
        null,
        1,
        null,
        1,
        2,
        null,
        1,
        null,
        1,
        1,
        null,
        1,
        null,
        1,
        2,
        null,
        1,
        null,
        1,
        1,
        null,
        1,
        null,
        null,
        1,
        1,
        null,
        1,
        1,
        null,
        1,
        null,
        1,
        0,
        null,
        1,
        null,
        1,
        1,
        null,
        1,
        null,
        1,
        1,
        null,
        1,
        null,
        null,
        1,
        1,
        null,
        1,
        2,
        null,
        1,
        1,
        null,
        1,
        1,
        null,
        1,
        1,
        null,
        1,
        1,
        null,
        1,
        1,
        null,
        1,
        0,
        null,
        1,
        1,
        null,
        null,
        1,
        1,
        null,
        1,
        3,
        null,
        1,
        1,
        null,
        1,
        1,
        null,
        1,
        1,
        null,
        1,
        0,
        null,
        1,
        1,
        null,
        null
      ],
      "/Users/KSWPro/turing/1module/projects.1mod/black_thursday/lib/item_repository.rb": [
        1,
        1,
        null,
        1,
        1,
        null,
        1,
        39,
        39,
        39,
        39,
        39,
        null,
        null,
        null,
        1,
        39743,
        null,
        null,
        1,
        39,
        39743,
        null,
        null,
        null,
        1,
        3,
        null,
        null,
        1,
        6,
        null,
        null,
        1,
        6,
        29,
        null,
        null,
        null,
        1,
        5,
        50,
        null,
        null,
        null,
        1,
        4,
        40,
        null,
        null,
        null,
        1,
        4,
        40,
        null,
        null,
        null,
        1,
        2868,
        3916485,
        null,
        null,
        null,
        1,
        6,
        null,
        null,
        1,
        null,
        null,
        null
      ],
      "/Users/KSWPro/turing/1module/projects.1mod/black_thursday/lib/item.rb": [
        1,
        null,
        1,
        1,
        null,
        null,
        null,
        null,
        null,
        null,
        null,
        1,
        39767,
        39767,
        39767,
        39767,
        39767,
        39767,
        39767,
        39767,
        null,
        null,
        1,
        83,
        null,
        null,
        1,
        6,
        null,
        null
      ],
      "/Users/KSWPro/turing/1module/projects.1mod/black_thursday/test/item_test.rb": [
        1,
        1,
        null,
        1,
        1,
        null,
        null,
        null,
        null,
        null,
        null,
        8,
        null,
        null,
        null,
        null,
        null,
        null,
        null,
        null,
        null,
        null,
        null,
        null,
        null,
        null,
        null,
        null,
        null,
        null,
        null,
        null,
        1,
        1,
        null,
        1,
        1,
        1,
        null,
        null,
        1,
        1,
        null,
        1,
        1,
        1,
        null,
        null,
        1,
        1,
        null,
        1,
        1,
        1,
        null,
        null,
        1,
        1,
        null,
        1,
        1,
        null,
        1,
        1,
        null,
        1,
        1,
        null,
        null,
        null,
        1,
        1,
        null,
        1,
        1,
        1,
        null,
        null,
        1,
        1,
        null,
        1,
        1,
        1,
        null,
        null,
        1,
        1,
        null,
        1,
        1,
        1,
        null,
        null,
        1,
        1,
        null,
        1,
        1,
        1,
        null,
        null
      ],
      "/Users/KSWPro/turing/1module/projects.1mod/black_thursday/test/merchant_repository_test.rb": [
        1,
        1,
        null,
        1,
        null,
        1,
        1,
        null,
        1,
        null,
        null,
        1,
        1,
        null,
        1,
        null,
        null,
        1,
        1,
        null,
        1,
        null,
        null,
        1,
        1,
        null,
        1,
        1,
        1,
        null,
        null,
        1,
        1,
        null,
        1,
        1,
        1,
        null,
        null,
        1,
        1,
        null,
        1,
        1,
        1,
        1,
        1,
        null,
        null,
        1,
        1,
        null,
        1,
        null,
        1,
        1,
        null,
        1,
        null,
        1,
        1,
        null,
        1,
        null,
        1,
        2,
        null,
        1,
        null,
        1,
        2,
        null,
        1,
        null,
        null
      ],
      "/Users/KSWPro/turing/1module/projects.1mod/black_thursday/lib/merchant_repository.rb": [
        1,
        1,
        null,
        1,
        1,
        null,
        1,
        36,
        36,
        36,
        36,
        36,
        null,
        null,
        null,
        1,
        12915,
        null,
        null,
        1,
        36,
        12915,
        null,
        null,
        null,
        1,
        3,
        null,
        null,
        1,
        18,
        null,
        null,
        1,
        6,
        497,
        null,
        null,
        null,
        1,
        5,
        50,
        null,
        null,
        null,
        1,
        2,
        null,
        null,
        1,
        1,
        null,
        null,
        1,
        null,
        null,
        null
      ],
      "/Users/KSWPro/turing/1module/projects.1mod/black_thursday/lib/merchant.rb": [
        1,
        1,
        null,
        null,
        1,
        12924,
        12924,
        12924,
        null,
        null,
        1,
        2,
        null,
        null,
        1,
        1,
        null,
        null,
        null,
        null,
        null,
        null,
        null,
        null
      ],
      "/Users/KSWPro/turing/1module/projects.1mod/black_thursday/test/merchant_test.rb": [
        1,
        1,
        null,
        1,
        1,
        3,
        null,
        null,
        null,
        null,
        1,
        1,
        null,
        1,
        1,
        1,
        null,
        null,
        1,
        1,
        null,
        1,
        1,
        1,
        null,
        null,
        1,
        1,
        null,
        1,
        1,
        1,
        null,
        null
      ],
      "/Users/KSWPro/turing/1module/projects.1mod/black_thursday/test/sales_analyst_test.rb": [
        1,
        1,
        1,
        null,
        1,
        1,
        18,
        null,
        null,
        18,
        null,
        null,
        1,
        1,
        null,
        1,
        null,
        null,
        1,
        1,
        null,
        1,
        null,
        null,
        1,
        1,
        null,
        null,
        1,
        null,
        1,
        null,
        null,
        1,
        1,
        null,
        1,
        null,
        null,
        1,
        1,
        null,
        1,
        1,
        null,
        null,
        null,
        1,
        1,
        null,
        1,
        1,
        1,
        null,
        null,
        1,
        1,
        null,
        1,
        null,
        null,
        1,
        1,
        null,
        1,
        null,
        null,
        1,
        1,
        null,
        1,
        null,
        null,
        1,
        1,
        null,
        1,
        1,
        null,
        null,
        null,
        1,
        1,
        null,
        1,
        null,
        null,
        1,
        1,
        null,
        null,
        null,
        1,
        null,
        1,
        null,
        null,
        1,
        1,
        null,
        1,
        null,
        null,
        1,
        1,
        null,
        1,
        1,
        null,
        null,
        1,
        1,
        null,
        1,
        1,
        null,
        null,
        1,
        1,
        1,
        null,
        1,
        null,
        null,
        1,
        1,
        null,
        1,
        null,
        null,
        1,
        1,
        null,
        1,
        null,
        null,
        1,
        1,
        null,
        1,
        null,
        null,
        1,
        1,
        null,
        1,
        1,
        1,
        null,
        null
      ],
      "/Users/KSWPro/turing/1module/projects.1mod/black_thursday/lib/sales_engine.rb": [
        1,
        1,
        1,
        1,
        null,
        1,
        1,
        null,
        null,
        null,
        null,
        null,
        1,
        29,
        29,
        29,
        null,
        null,
        null,
        null,
        1,
        29,
        null,
        null,
        1,
        6,
        null,
        null,
        1,
        6,
        null,
        null,
        1,
        2,
        null,
        null,
        1,
        1,
        null,
        null,
        null,
        null,
        null,
        null,
        null,
        null,
        null,
        null,
        null,
        null
      ],
      "/Users/KSWPro/turing/1module/projects.1mod/black_thursday/lib/sales_analyst.rb": [
        1,
        1,
        null,
        1,
        20,
        20,
        20,
        20,
        null,
        null,
        1,
        6,
        null,
        null,
        1,
        4,
        1435,
        null,
        null,
        null,
        1,
        13,
        7915,
        null,
        null,
        13,
        null,
        null,
        1,
        3,
        null,
        null,
        1,
        9,
        null,
        null,
        1,
        2,
        null,
        2,
        950,
        null,
        null,
        null,
        1,
        478,
        null,
        1372,
        478,
        null,
        null,
        1,
        1,
        null,
        475,
        1,
        null,
        null,
        1,
        6,
        null,
        8202,
        6,
        null,
        null,
        1,
        3,
        4101,
        null,
        3,
        null,
        null,
        1,
        2,
        null,
        2,
        2734,
        null,
        null,
        null,
        1,
        10,
        null,
        null,
        1,
        6,
        2385,
        null,
        null,
        null,
        1,
        5,
        null,
        null,
        1,
        2,
        null,
        2,
        950,
        null,
        null,
        null,
        1,
        2,
        null,
        2,
        950,
        null,
        null,
        null,
        1,
        4,
        19940,
        null,
        null,
        null,
        1,
        4,
        null,
        null,
        1,
        2,
        null,
        null,
        1,
        1,
        null,
        null,
        7,
        1,
        null,
        null,
        1,
        1,
        null,
        1,
        1,
        null,
        null,
        null,
        1,
        3,
        14955,
        null,
        null,
        null,
        1,
        3,
        null,
        null
      ],
      "/Users/KSWPro/turing/1module/projects.1mod/black_thursday/test/sales_engine_test.rb": [
        1,
        1,
        null,
        1,
        1,
        1,
        null,
        null,
        1,
        1,
        null,
        null,
        1,
        null,
        null,
        1,
        1,
        null,
        null,
        1,
        null,
        null,
        1,
        1,
        null,
        1,
        1,
        null,
        1,
        1,
        1,
        null,
        null,
        1,
        1,
        null,
        1,
        1,
        null,
        1,
        1,
        1,
        null,
        null,
        1,
        1,
        null,
        null,
        1,
        1,
        1,
        null,
        1,
        1,
        1,
        null,
        1,
        1,
        1,
        null,
        null,
        1,
        1,
        null,
        null,
        1,
        1,
        1,
        1,
        null,
        null,
        1,
        1,
        1,
        null,
        null,
        1,
        1,
        null,
        null,
        1,
        1,
        1,
        3,
        null,
        null,
        1,
        null,
        1,
        1,
        null,
        null,
        1,
        1,
        null,
        null,
        null,
        1,
        1,
        1,
        10,
        null,
        null,
        1,
        null,
        1,
        null,
        1,
        1,
        null,
        null,
        1,
        1,
        null,
        null,
        null,
        1,
        1,
        1,
        null,
        1,
        1,
        1,
        null,
        1,
        1,
        1,
        null,
        null,
        null
      ],
      "/Users/KSWPro/turing/1module/projects.1mod/black_thursday/test/test_helper.rb": [
        1,
        1,
        1,
        1,
        1
      ]
    },
    "timestamp": 1470012873
  }
}
