{
  "Unit Tests": {
    "coverage": {
      "/Users/KSWPro/turing/1module/projects.1mod/black_thursday/lib/invoice_repository.rb": [
        1,
        1,
        null,
        1,
        1,
        null,
        1,
        8,
        8,
        8,
        8,
        null,
        null,
        1,
        39880,
        null,
        null,
        1,
        8,
        39880,
        null,
        null,
        null,
        1,
        3,
        null,
        null,
        1,
        3,
        null,
        null,
        1,
        4,
        19940,
        null,
        null,
        null,
        1,
        4,
        19940,
        null,
        null,
        null,
        1,
        4,
        19940,
        null,
        null,
        null
      ],
      "/Users/KSWPro/turing/1module/projects.1mod/black_thursday/lib/invoice.rb": [
        1,
        1,
        null,
        null,
        null,
        null,
        null,
        null,
        1,
        null,
        39880,
        39880,
        39880,
        39880,
        39880,
        39880,
        null,
        null
      ],
      "/Users/KSWPro/turing/1module/projects.1mod/black_thursday/lib/file_extractor.rb": [
        1,
        null,
        1,
        null,
        1,
        8,
        null,
        null
      ]
    },
    "timestamp": 1469932157
  },
  "RSpec": {
    "coverage": {
      "/Users/KSWPro/turing/1module/projects.1mod/black_thursday/lib/invoice.rb": [
        1,
        1,
        null,
        null,
        null,
        null,
        null,
        null,
        1,
        null,
        18,
        18,
        18,
        18,
        18,
        18,
        null,
        null,
        null
      ],
      "/Users/KSWPro/turing/1module/projects.1mod/black_thursday/test/item_repository_test.rb": [
        1,
        1,
        1,
        null,
        1,
        1,
        10,
        null,
        null,
        1,
        1,
        null,
        1,
        null,
        null,
        1,
        1,
        null,
        1,
        null,
        null,
        1,
        1,
        null,
        1,
        null,
        null,
        1,
        1,
        null,
        1,
        1,
        1,
        null,
        null,
        1,
        1,
        null,
        1,
        1,
        1,
        null,
        null,
        1,
        1,
        null,
        1,
        1,
        1,
        1,
        1,
        null,
        null,
        1,
        1,
        null,
        1,
        null,
        1,
        2,
        null,
        1,
        null,
        1,
        1,
        null,
        1,
        null,
        1,
        2,
        null,
        1,
        null,
        1,
        1,
        null,
        1,
        null,
        null,
        1,
        1,
        null,
        1,
        1,
        null,
        1,
        null,
        1,
        0,
        null,
        1,
        null,
        1,
        1,
        null,
        1,
        null,
        1,
        1,
        null,
        1,
        null,
        null,
        1,
        1,
        null,
        1,
        2,
        null,
        1,
        1,
        null,
        1,
        1,
        null,
        1,
        1,
        null,
        1,
        1,
        null,
        1,
        1,
        null,
        1,
        0,
        null,
        1,
        1,
        null,
        null,
        1,
        1,
        null,
        1,
        3,
        null,
        1,
        1,
        null,
        1,
        1,
        null,
        1,
        1,
        null,
        1,
        0,
        null,
        1,
        1,
        null,
        null
      ],
      "/Users/KSWPro/turing/1module/projects.1mod/black_thursday/test/item_test.rb": [
        1,
        1,
        null,
        1,
        1,
        null,
        null,
        null,
        null,
        null,
        null,
        8,
        null,
        null,
        null,
        null,
        null,
        null,
        null,
        null,
        null,
        null,
        null,
        null,
        null,
        null,
        null,
        null,
        null,
        null,
        null,
        null,
        1,
        1,
        null,
        1,
        1,
        1,
        null,
        null,
        1,
        1,
        null,
        1,
        1,
        1,
        null,
        null,
        1,
        1,
        null,
        1,
        1,
        1,
        null,
        null,
        1,
        1,
        null,
        1,
        1,
        null,
        1,
        1,
        null,
        1,
        1,
        null,
        null,
        null,
        1,
        1,
        null,
        1,
        1,
        1,
        null,
        null,
        1,
        1,
        null,
        1,
        1,
        1,
        null,
        null,
        1,
        1,
        null,
        1,
        1,
        1,
        null,
        null,
        1,
        1,
        null,
        1,
        1,
        1,
        null,
        null
      ],
      "/Users/KSWPro/turing/1module/projects.1mod/black_thursday/test/merchant_repository_test.rb": [
        1,
        1,
        1,
        null,
        1,
        1,
        7,
        null,
        null,
        1,
        1,
        null,
        1,
        null,
        null,
        1,
        1,
        null,
        1,
        null,
        null,
        1,
        1,
        null,
        1,
        null,
        null,
        1,
        1,
        null,
        1,
        1,
        1,
        null,
        null,
        1,
        1,
        null,
        1,
        1,
        1,
        null,
        null,
        1,
        1,
        null,
        1,
        1,
        1,
        1,
        1,
        null,
        null,
        1,
        1,
        null,
        1,
        null,
        1,
        1,
        null,
        1,
        null,
        1,
        1,
        null,
        1,
        null,
        1,
        2,
        null,
        1,
        null,
        1,
        2,
        null,
        1,
        null,
        null
      ],
      "/Users/KSWPro/turing/1module/projects.1mod/black_thursday/test/merchant_test.rb": [
        1,
        1,
        null,
        1,
        1,
        3,
        null,
        null,
        null,
        null,
        1,
        1,
        null,
        1,
        1,
        1,
        null,
        null,
        1,
        1,
        null,
        1,
        1,
        1,
        null,
        null,
        1,
        1,
        null,
        1,
        1,
        1,
        null,
        null
      ],
      "/Users/KSWPro/turing/1module/projects.1mod/black_thursday/test/sales_analyst_test.rb": [
        1,
        1,
        1,
        null,
        1,
        1,
        9,
        null,
        9,
        null,
        null,
        1,
        1,
        null,
        1,
        null,
        null,
        1,
        1,
        null,
        1,
        null,
        null,
        1,
        1,
        null,
        null,
        1,
        null,
        1,
        null,
        null,
        1,
        1,
        null,
        1,
        null,
        null,
        1,
        1,
        null,
        1,
        1,
        null,
        null,
        null,
        1,
        1,
        null,
        1,
        1,
        1,
        null,
        null,
        1,
        1,
        null,
        1,
        null,
        null,
        1,
        1,
        null,
        1,
        null,
        null,
        1,
        1,
        null,
        1,
        null,
        null,
        1,
        1,
        null,
        1,
        1,
        null,
        null,
        null
      ],
      "/Users/KSWPro/turing/1module/projects.1mod/black_thursday/lib/sales_analyst.rb": [
        1,
        null,
        null,
        1,
        1,
        null,
        1,
        10,
        10,
        10,
        null,
        null,
        1,
        6,
        6,
        6,
        null,
        null,
        1,
        4,
        1435,
        null,
        null,
        null,
        1,
        6,
        5526,
        null,
        null,
        6,
        null,
        null,
        1,
        3,
        null,
        null,
        1,
        4,
        null,
        null,
        1,
        2,
        null,
        2,
        950,
        null,
        null,
        null,
        1,
        478,
        null,
        1372,
        478,
        null,
        null,
        1,
        1,
        null,
        475,
        1,
        null,
        null,
        1,
        6,
        null,
        8202,
        6,
        null,
        null,
        1,
        3,
        4101,
        null,
        3,
        null,
        null,
        1,
        2,
        null,
        2,
        2734,
        null,
        null,
        null
      ],
      "/Users/KSWPro/turing/1module/projects.1mod/black_thursday/test/sales_engine_test.rb": [
        1,
        1,
        null,
        1,
        1,
        1,
        null,
        null,
        1,
        1,
        null,
        null,
        1,
        null,
        null,
        1,
        1,
        null,
        null,
        1,
        null,
        null,
        1,
        1,
        null,
        1,
        1,
        null,
        1,
        1,
        1,
        null,
        null,
        1,
        1,
        null,
        1,
        1,
        null,
        1,
        1,
        1,
        null,
        null,
        1,
        1,
        null,
        null,
        1,
        1,
        1,
        null,
        1,
        1,
        1,
        null,
        1,
        1,
        1,
        null,
        null,
        1,
        1,
        null,
        null,
        1,
        1,
        1,
        1,
        null,
        1,
        1,
        1,
        null,
        null,
        1,
        1,
        null,
        null,
        1,
        1,
        1,
        3,
        null,
        1,
        null,
        1,
        1,
        null,
        null,
        null,
        null,
        null,
        null,
        null,
        null,
        null,
        null,
        null,
        null,
        null,
        null,
        null
      ],
      "/Users/KSWPro/turing/1module/projects.1mod/black_thursday/test/test_helper.rb": [
        1,
        1,
        1,
        1,
        1
      ]
    },
    "timestamp": 1469918064
  }
}
